#
# There is insufficient memory for the Java Runtime Environment to continue.
# Native memory allocation (mmap) failed to map 65536 bytes for Failed to commit metaspace.
# Possible reasons:
#   The system is out of physical RAM or swap space
#   The process is running with CompressedOops enabled, and the Java Heap may be blocking the growth of the native heap
# Possible solutions:
#   Reduce memory load on the system
#   Increase physical memory or swap space
#   Check if swap backing store is full
#   Decrease Java heap size (-Xmx/-Xms)
#   Decrease number of Java threads
#   Decrease Java thread stack sizes (-Xss)
#   Set larger code cache with -XX:ReservedCodeCacheSize=
#   JVM is running with Zero Based Compressed Oops mode in which the Java heap is
#     placed in the first 32GB address space. The Java Heap base address is the
#     maximum limit for the native heap growth. Please use -XX:HeapBaseMinAddress
#     to set the Java Heap base and to place the Java Heap above 32GB virtual address.
# This output file may be truncated or incomplete.
#
#  Out of Memory Error (virtualSpaceNode.cpp:110), pid=24868, tid=14976
#
# JRE version: Java(TM) SE Runtime Environment (18.0.1.1+2) (build 18.0.1.1+2-6)
# Java VM: Java HotSpot(TM) 64-Bit Server VM (18.0.1.1+2-6, mixed mode, sharing, tiered, compressed oops, compressed class ptrs, g1 gc, windows-amd64)
# No core dump will be written. Minidumps are not enabled by default on client versions of Windows
#

---------------  S U M M A R Y ------------

Command Line: -javaagent:F:\IntelliJ IDEA Community Edition 2022.2\lib\idea_rt.jar=55384:F:\IntelliJ IDEA Community Edition 2022.2\bin -Dfile.encoding=UTF-8 com.springflutter.demo.DemoApplication

Host: Intel(R) Core(TM) i7-4770 CPU @ 3.40GHz, 8 cores, 15G,  Windows 10 , 64 bit Build 19041 (10.0.19041.1889)
Time: Sun Oct 30 20:25:26 2022 GTB Standard Time elapsed time: 0.662149 seconds (0d 0h 0m 0s)

---------------  T H R E A D  ---------------

Current thread (0x00000208ff2ec260):  JavaThread "restartedMain" [_thread_in_vm, id=14976, stack(0x00000077bb000000,0x00000077bb100000)]

Stack: [0x00000077bb000000,0x00000077bb100000]
Native frames: (J=compiled Java code, j=interpreted, Vv=VM code, C=native code)
V  [jvm.dll+0x69887a]
V  [jvm.dll+0x7f38bd]
V  [jvm.dll+0x7f51ce]
V  [jvm.dll+0x7f5883]
V  [jvm.dll+0x25ca3f]
V  [jvm.dll+0x7ef5cb]
V  [jvm.dll+0x63ea76]
V  [jvm.dll+0x1d721e]
V  [jvm.dll+0x64141b]
V  [jvm.dll+0x64121e]
V  [jvm.dll+0x63f43e]
V  [jvm.dll+0x25a45c]
V  [jvm.dll+0x6edb5d]
V  [jvm.dll+0x6ee58f]
V  [jvm.dll+0x392439]
V  [jvm.dll+0x3915a4]
V  [jvm.dll+0x391548]
V  [jvm.dll+0x3a0dba]
C  0x000002088001b817

Java frames: (J=compiled Java code, j=interpreted, Vv=VM code)
j  org.springframework.core.convert.support.DefaultConversionService.addDefaultConverters(Lorg/springframework/core/convert/converter/ConverterRegistry;)V+9
j  org.springframework.boot.convert.ApplicationConversionService.configure(Lorg/springframework/format/FormatterRegistry;)V+1
j  org.springframework.boot.convert.ApplicationConversionService.<init>(Lorg/springframework/util/StringValueResolver;Z)V+14
j  org.springframework.boot.convert.ApplicationConversionService.<init>(Lorg/springframework/util/StringValueResolver;)V+3
j  org.springframework.boot.convert.ApplicationConversionService.<init>()V+2
j  org.springframework.boot.SpringApplication.configureEnvironment(Lorg/springframework/core/env/ConfigurableEnvironment;[Ljava/lang/String;)V+12
j  org.springframework.boot.SpringApplication.prepareEnvironment(Lorg/springframework/boot/SpringApplicationRunListeners;Lorg/springframework/boot/DefaultBootstrapContext;Lorg/springframework/boot/ApplicationArguments;)Lorg/springframework/core/env/ConfigurableEnvironment;+15
j  org.springframework.boot.SpringApplication.run([Ljava/lang/String;)Lorg/springframework/context/ConfigurableApplicationContext;+52
j  org.springframework.boot.SpringApplication.run([Ljava/lang/Class;[Ljava/lang/String;)Lorg/springframework/context/ConfigurableApplicationContext;+9
j  org.springframework.boot.SpringApplication.run(Ljava/lang/Class;[Ljava/lang/String;)Lorg/springframework/context/ConfigurableApplicationContext;+9
j  com.springflutter.demo.DemoApplication.main([Ljava/lang/String;)V+3
j  java.lang.invoke.LambdaForm$DMH+0x0000000800c06000.invokeStatic(Ljava/lang/Object;Ljava/lang/Object;)V+10 java.base@18.0.1.1
j  java.lang.invoke.LambdaForm$MH+0x0000000800c81c00.invoke(Ljava/lang/Object;Ljava/lang/Object;Ljava/lang/Object;)Ljava/lang/Object;+33 java.base@18.0.1.1
j  java.lang.invoke.Invokers$Holder.invokeExact_MT(Ljava/lang/Object;Ljava/lang/Object;Ljava/lang/Object;Ljava/lang/Object;)Ljava/lang/Object;+20 java.base@18.0.1.1
j  jdk.internal.reflect.DirectMethodHandleAccessor.invokeImpl(Ljava/lang/Object;[Ljava/lang/Object;)Ljava/lang/Object;+55 java.base@18.0.1.1
j  jdk.internal.reflect.DirectMethodHandleAccessor.invoke(Ljava/lang/Object;[Ljava/lang/Object;)Ljava/lang/Object;+23 java.base@18.0.1.1
j  java.lang.reflect.Method.invoke(Ljava/lang/Object;[Ljava/lang/Object;)Ljava/lang/Object;+102 java.base@18.0.1.1
j  org.springframework.boot.devtools.restart.RestartLauncher.run()V+42
v  ~StubRoutines::call_stub

---------------  P R O C E S S  ---------------

Threads class SMR info:
_java_thread_list=0x00000208ffb85770, length=16, elements={
0x00000208ed28f360, 0x00000208fed71d90, 0x00000208fed72900, 0x00000208fed8f210,
0x00000208fed8fac0, 0x00000208fed90370, 0x00000208fed9c3b0, 0x00000208fed9d0d0,
0x00000208feda0b20, 0x00000208fedb2fe0, 0x00000208ff2eaf20, 0x00000208ff4c6ee0,
0x00000208ff2ec730, 0x00000208ff2ebd90, 0x00000208ff2eb8c0, 0x00000208ff2ec260
}

Java Threads: ( => current thread )
  0x00000208ed28f360 JavaThread "main" [_thread_blocked, id=27432, stack(0x00000077b9a00000,0x00000077b9b00000)]
  0x00000208fed71d90 JavaThread "Reference Handler" daemon [_thread_blocked, id=6276, stack(0x00000077ba100000,0x00000077ba200000)]
  0x00000208fed72900 JavaThread "Finalizer" daemon [_thread_blocked, id=15852, stack(0x00000077ba200000,0x00000077ba300000)]
  0x00000208fed8f210 JavaThread "Signal Dispatcher" daemon [_thread_blocked, id=3828, stack(0x00000077ba300000,0x00000077ba400000)]
  0x00000208fed8fac0 JavaThread "Attach Listener" daemon [_thread_blocked, id=26756, stack(0x00000077ba400000,0x00000077ba500000)]
  0x00000208fed90370 JavaThread "Service Thread" daemon [_thread_blocked, id=24600, stack(0x00000077ba500000,0x00000077ba600000)]
  0x00000208fed9c3b0 JavaThread "Monitor Deflation Thread" daemon [_thread_blocked, id=26736, stack(0x00000077ba600000,0x00000077ba700000)]
  0x00000208fed9d0d0 JavaThread "C2 CompilerThread0" daemon [_thread_blocked, id=26444, stack(0x00000077ba700000,0x00000077ba800000)]
  0x00000208feda0b20 JavaThread "C1 CompilerThread0" daemon [_thread_blocked, id=19080, stack(0x00000077ba800000,0x00000077ba900000)]
  0x00000208fedb2fe0 JavaThread "Sweeper thread" daemon [_thread_blocked, id=13732, stack(0x00000077ba900000,0x00000077baa00000)]
  0x00000208ff2eaf20 JavaThread "Common-Cleaner" daemon [_thread_blocked, id=5516, stack(0x00000077baa00000,0x00000077bab00000)]
  0x00000208ff4c6ee0 JavaThread "C2 CompilerThread1" daemon [_thread_blocked, id=2204, stack(0x00000077bab00000,0x00000077bac00000)]
  0x00000208ff2ec730 JavaThread "Monitor Ctrl-Break" daemon [_thread_in_native, id=9392, stack(0x00000077bac00000,0x00000077bad00000)]
  0x00000208ff2ebd90 JavaThread "Notification Thread" daemon [_thread_blocked, id=28644, stack(0x00000077bad00000,0x00000077bae00000)]
  0x00000208ff2eb8c0 JavaThread "Thread-0" [_thread_blocked, id=18624, stack(0x00000077baf00000,0x00000077bb000000)]
=>0x00000208ff2ec260 JavaThread "restartedMain" [_thread_in_vm, id=14976, stack(0x00000077bb000000,0x00000077bb100000)]

Other Threads:
  0x00000208fed6ee80 VMThread "VM Thread" [stack: 0x00000077ba000000,0x00000077ba100000] [id=29148]
  0x00000208ff4e4170 WatcherThread "VM Periodic Task Thread" [stack: 0x00000077bae00000,0x00000077baf00000] [id=22816]
  0x00000208ed2ffb00 WorkerThread "GC Thread#0" [stack: 0x00000077b9b00000,0x00000077b9c00000] [id=21848]
  0x0000020895114da0 WorkerThread "GC Thread#1" [stack: 0x00000077bb100000,0x00000077bb200000] [id=18868]
  0x000002089510d1f0 WorkerThread "GC Thread#2" [stack: 0x00000077bb200000,0x00000077bb300000] [id=24552]
  0x000002089510d490 WorkerThread "GC Thread#3" [stack: 0x00000077bb300000,0x00000077bb400000] [id=21344]
  0x000002089511fe20 WorkerThread "GC Thread#4" [stack: 0x00000077bb400000,0x00000077bb500000] [id=12244]
  0x0000020895120540 WorkerThread "GC Thread#5" [stack: 0x00000077bb500000,0x00000077bb600000] [id=9900]
  0x0000020895143330 WorkerThread "GC Thread#6" [stack: 0x00000077bb600000,0x00000077bb700000] [id=23464]
  0x00000208ed312870 ConcurrentGCThread "G1 Main Marker" [stack: 0x00000077b9c00000,0x00000077b9d00000] [id=7364]
  0x00000208ed314180 WorkerThread "G1 Conc#0" [stack: 0x00000077b9d00000,0x00000077b9e00000] [id=30548]
  0x00000208ed34e940 ConcurrentGCThread "G1 Refine#0" [stack: 0x00000077b9e00000,0x00000077b9f00000] [id=30040]
  0x00000208fec2a3c0 ConcurrentGCThread "G1 Service" [stack: 0x00000077b9f00000,0x00000077ba000000] [id=12356]

Threads with active compile tasks:

VM state: not at safepoint (normal execution)

VM Mutex/Monitor currently owned by a thread:  ([mutex/lock_event])
[0x00000208ed289ab0] Metaspace_lock - owner thread: 0x00000208ff2ec260

Heap address: 0x0000000700e00000, size: 4082 MB, Compressed Oops mode: Zero based, Oop shift amount: 3

CDS archive(s) mapped at: [0x0000000800000000-0x0000000800ba0000-0x0000000800ba0000), size 12189696, SharedBaseAddress: 0x0000000800000000, ArchiveRelocationMode: 0.
Compressed class space mapped at: 0x0000000800c00000-0x0000000840c00000, reserved size: 1073741824
Narrow klass base: 0x0000000800000000, Narrow klass shift: 0, Narrow klass range: 0x100000000

GC Precious Log:
 CardTable entry size: 512
 Card Set container configuration: InlinePtr #cards 4 size 8 Array Of Cards #cards 16 size 48 Howl #buckets 8 coarsen threshold 3686 Howl Bitmap #cards 512 size 80 coarsen threshold 460 Card regions per heap region 1 cards per card region 4096
 CPUs: 8 total, 8 available
 Memory: 16325M
 Large Page Support: Disabled
 NUMA Support: Disabled
 Compressed Oops: Enabled (Zero based)
 Heap Region Size: 2M
 Heap Min Capacity: 8M
 Heap Initial Capacity: 256M
 Heap Max Capacity: 4082M
 Pre-touch: Disabled
 Parallel Workers: 8
 Concurrent Workers: 2
 Concurrent Refinement Workers: 8
 Periodic GC: Disabled

Heap:
 garbage-first heap   total 262144K, used 6659K [0x0000000700e00000, 0x0000000800000000)
  region size 2048K, 3 young (6144K), 2 survivors (4096K)
 Metaspace       used 5414K, committed 5568K, reserved 1114112K
  class space    used 596K, committed 704K, reserved 1048576K

Heap Regions: E=young(eden), S=young(survivor), O=old, HS=humongous(starts), HC=humongous(continues), CS=collection set, F=free, OA=open archive, CA=closed archive, TAMS=top-at-mark-start (previous, next)
|   0|0x0000000700e00000, 0x0000000701000000, 0x0000000701000000|100%| O|  |TAMS 0x0000000700e00000, 0x0000000700e00000| Untracked 
|   1|0x0000000701000000, 0x0000000701080e00, 0x0000000701200000| 25%| O|  |TAMS 0x0000000701000000, 0x0000000701000000| Untracked 
|   2|0x0000000701200000, 0x0000000701200000, 0x0000000701400000|  0%| F|  |TAMS 0x0000000701200000, 0x0000000701200000| Untracked 
|   3|0x0000000701400000, 0x0000000701400000, 0x0000000701600000|  0%| F|  |TAMS 0x0000000701400000, 0x0000000701400000| Untracked 
|   4|0x0000000701600000, 0x0000000701600000, 0x0000000701800000|  0%| F|  |TAMS 0x0000000701600000, 0x0000000701600000| Untracked 
|   5|0x0000000701800000, 0x0000000701800000, 0x0000000701a00000|  0%| F|  |TAMS 0x0000000701800000, 0x0000000701800000| Untracked 
|   6|0x0000000701a00000, 0x0000000701a00000, 0x0000000701c00000|  0%| F|  |TAMS 0x0000000701a00000, 0x0000000701a00000| Untracked 
|   7|0x0000000701c00000, 0x0000000701c00000, 0x0000000701e00000|  0%| F|  |TAMS 0x0000000701c00000, 0x0000000701c00000| Untracked 
|   8|0x0000000701e00000, 0x0000000701e00000, 0x0000000702000000|  0%| F|  |TAMS 0x0000000701e00000, 0x0000000701e00000| Untracked 
|   9|0x0000000702000000, 0x0000000702000000, 0x0000000702200000|  0%| F|  |TAMS 0x0000000702000000, 0x0000000702000000| Untracked 
|  10|0x0000000702200000, 0x0000000702200000, 0x0000000702400000|  0%| F|  |TAMS 0x0000000702200000, 0x0000000702200000| Untracked 
|  11|0x0000000702400000, 0x0000000702400000, 0x0000000702600000|  0%| F|  |TAMS 0x0000000702400000, 0x0000000702400000| Untracked 
|  12|0x0000000702600000, 0x0000000702600000, 0x0000000702800000|  0%| F|  |TAMS 0x0000000702600000, 0x0000000702600000| Untracked 
|  13|0x0000000702800000, 0x0000000702800000, 0x0000000702a00000|  0%| F|  |TAMS 0x0000000702800000, 0x0000000702800000| Untracked 
|  14|0x0000000702a00000, 0x0000000702a00000, 0x0000000702c00000|  0%| F|  |TAMS 0x0000000702a00000, 0x0000000702a00000| Untracked 
|  15|0x0000000702c00000, 0x0000000702c00000, 0x0000000702e00000|  0%| F|  |TAMS 0x0000000702c00000, 0x0000000702c00000| Untracked 
|  16|0x0000000702e00000, 0x0000000702e00000, 0x0000000703000000|  0%| F|  |TAMS 0x0000000702e00000, 0x0000000702e00000| Untracked 
|  17|0x0000000703000000, 0x0000000703000000, 0x0000000703200000|  0%| F|  |TAMS 0x0000000703000000, 0x0000000703000000| Untracked 
|  18|0x0000000703200000, 0x0000000703200000, 0x0000000703400000|  0%| F|  |TAMS 0x0000000703200000, 0x0000000703200000| Untracked 
|  19|0x0000000703400000, 0x0000000703400000, 0x0000000703600000|  0%| F|  |TAMS 0x0000000703400000, 0x0000000703400000| Untracked 
|  20|0x0000000703600000, 0x0000000703600000, 0x0000000703800000|  0%| F|  |TAMS 0x0000000703600000, 0x0000000703600000| Untracked 
|  21|0x0000000703800000, 0x0000000703800000, 0x0000000703a00000|  0%| F|  |TAMS 0x0000000703800000, 0x0000000703800000| Untracked 
|  22|0x0000000703a00000, 0x0000000703a00000, 0x0000000703c00000|  0%| F|  |TAMS 0x0000000703a00000, 0x0000000703a00000| Untracked 
|  23|0x0000000703c00000, 0x0000000703c00000, 0x0000000703e00000|  0%| F|  |TAMS 0x0000000703c00000, 0x0000000703c00000| Untracked 
|  24|0x0000000703e00000, 0x0000000703e00000, 0x0000000704000000|  0%| F|  |TAMS 0x0000000703e00000, 0x0000000703e00000| Untracked 
|  25|0x0000000704000000, 0x0000000704000000, 0x0000000704200000|  0%| F|  |TAMS 0x0000000704000000, 0x0000000704000000| Untracked 
|  26|0x0000000704200000, 0x0000000704200000, 0x0000000704400000|  0%| F|  |TAMS 0x0000000704200000, 0x0000000704200000| Untracked 
|  27|0x0000000704400000, 0x0000000704400000, 0x0000000704600000|  0%| F|  |TAMS 0x0000000704400000, 0x0000000704400000| Untracked 
|  28|0x0000000704600000, 0x0000000704600000, 0x0000000704800000|  0%| F|  |TAMS 0x0000000704600000, 0x0000000704600000| Untracked 
|  29|0x0000000704800000, 0x0000000704800000, 0x0000000704a00000|  0%| F|  |TAMS 0x0000000704800000, 0x0000000704800000| Untracked 
|  30|0x0000000704a00000, 0x0000000704a00000, 0x0000000704c00000|  0%| F|  |TAMS 0x0000000704a00000, 0x0000000704a00000| Untracked 
|  31|0x0000000704c00000, 0x0000000704c00000, 0x0000000704e00000|  0%| F|  |TAMS 0x0000000704c00000, 0x0000000704c00000| Untracked 
|  32|0x0000000704e00000, 0x0000000704e00000, 0x0000000705000000|  0%| F|  |TAMS 0x0000000704e00000, 0x0000000704e00000| Untracked 
|  33|0x0000000705000000, 0x0000000705000000, 0x0000000705200000|  0%| F|  |TAMS 0x0000000705000000, 0x0000000705000000| Untracked 
|  34|0x0000000705200000, 0x0000000705200000, 0x0000000705400000|  0%| F|  |TAMS 0x0000000705200000, 0x0000000705200000| Untracked 
|  35|0x0000000705400000, 0x0000000705400000, 0x0000000705600000|  0%| F|  |TAMS 0x0000000705400000, 0x0000000705400000| Untracked 
|  36|0x0000000705600000, 0x0000000705600000, 0x0000000705800000|  0%| F|  |TAMS 0x0000000705600000, 0x0000000705600000| Untracked 
|  37|0x0000000705800000, 0x0000000705800000, 0x0000000705a00000|  0%| F|  |TAMS 0x0000000705800000, 0x0000000705800000| Untracked 
|  38|0x0000000705a00000, 0x0000000705a00000, 0x0000000705c00000|  0%| F|  |TAMS 0x0000000705a00000, 0x0000000705a00000| Untracked 
|  39|0x0000000705c00000, 0x0000000705c00000, 0x0000000705e00000|  0%| F|  |TAMS 0x0000000705c00000, 0x0000000705c00000| Untracked 
|  40|0x0000000705e00000, 0x0000000705e00000, 0x0000000706000000|  0%| F|  |TAMS 0x0000000705e00000, 0x0000000705e00000| Untracked 
|  41|0x0000000706000000, 0x0000000706000000, 0x0000000706200000|  0%| F|  |TAMS 0x0000000706000000, 0x0000000706000000| Untracked 
|  42|0x0000000706200000, 0x0000000706200000, 0x0000000706400000|  0%| F|  |TAMS 0x0000000706200000, 0x0000000706200000| Untracked 
|  43|0x0000000706400000, 0x0000000706400000, 0x0000000706600000|  0%| F|  |TAMS 0x0000000706400000, 0x0000000706400000| Untracked 
|  44|0x0000000706600000, 0x0000000706600000, 0x0000000706800000|  0%| F|  |TAMS 0x0000000706600000, 0x0000000706600000| Untracked 
|  45|0x0000000706800000, 0x0000000706800000, 0x0000000706a00000|  0%| F|  |TAMS 0x0000000706800000, 0x0000000706800000| Untracked 
|  46|0x0000000706a00000, 0x0000000706a00000, 0x0000000706c00000|  0%| F|  |TAMS 0x0000000706a00000, 0x0000000706a00000| Untracked 
|  47|0x0000000706c00000, 0x0000000706c00000, 0x0000000706e00000|  0%| F|  |TAMS 0x0000000706c00000, 0x0000000706c00000| Untracked 
|  48|0x0000000706e00000, 0x0000000706e00000, 0x0000000707000000|  0%| F|  |TAMS 0x0000000706e00000, 0x0000000706e00000| Untracked 
|  49|0x0000000707000000, 0x0000000707000000, 0x0000000707200000|  0%| F|  |TAMS 0x0000000707000000, 0x0000000707000000| Untracked 
|  50|0x0000000707200000, 0x0000000707200000, 0x0000000707400000|  0%| F|  |TAMS 0x0000000707200000, 0x0000000707200000| Untracked 
|  51|0x0000000707400000, 0x0000000707400000, 0x0000000707600000|  0%| F|  |TAMS 0x0000000707400000, 0x0000000707400000| Untracked 
|  52|0x0000000707600000, 0x0000000707600000, 0x0000000707800000|  0%| F|  |TAMS 0x0000000707600000, 0x0000000707600000| Untracked 
|  53|0x0000000707800000, 0x0000000707800000, 0x0000000707a00000|  0%| F|  |TAMS 0x0000000707800000, 0x0000000707800000| Untracked 
|  54|0x0000000707a00000, 0x0000000707a00000, 0x0000000707c00000|  0%| F|  |TAMS 0x0000000707a00000, 0x0000000707a00000| Untracked 
|  55|0x0000000707c00000, 0x0000000707c00000, 0x0000000707e00000|  0%| F|  |TAMS 0x0000000707c00000, 0x0000000707c00000| Untracked 
|  56|0x0000000707e00000, 0x0000000707e00000, 0x0000000708000000|  0%| F|  |TAMS 0x0000000707e00000, 0x0000000707e00000| Untracked 
|  57|0x0000000708000000, 0x0000000708000000, 0x0000000708200000|  0%| F|  |TAMS 0x0000000708000000, 0x0000000708000000| Untracked 
|  58|0x0000000708200000, 0x0000000708200000, 0x0000000708400000|  0%| F|  |TAMS 0x0000000708200000, 0x0000000708200000| Untracked 
|  59|0x0000000708400000, 0x0000000708400000, 0x0000000708600000|  0%| F|  |TAMS 0x0000000708400000, 0x0000000708400000| Untracked 
|  60|0x0000000708600000, 0x0000000708600000, 0x0000000708800000|  0%| F|  |TAMS 0x0000000708600000, 0x0000000708600000| Untracked 
|  61|0x0000000708800000, 0x0000000708800000, 0x0000000708a00000|  0%| F|  |TAMS 0x0000000708800000, 0x0000000708800000| Untracked 
|  62|0x0000000708a00000, 0x0000000708a00000, 0x0000000708c00000|  0%| F|  |TAMS 0x0000000708a00000, 0x0000000708a00000| Untracked 
|  63|0x0000000708c00000, 0x0000000708c00000, 0x0000000708e00000|  0%| F|  |TAMS 0x0000000708c00000, 0x0000000708c00000| Untracked 
|  64|0x0000000708e00000, 0x0000000708e00000, 0x0000000709000000|  0%| F|  |TAMS 0x0000000708e00000, 0x0000000708e00000| Untracked 
|  65|0x0000000709000000, 0x0000000709000000, 0x0000000709200000|  0%| F|  |TAMS 0x0000000709000000, 0x0000000709000000| Untracked 
|  66|0x0000000709200000, 0x0000000709200000, 0x0000000709400000|  0%| F|  |TAMS 0x0000000709200000, 0x0000000709200000| Untracked 
|  67|0x0000000709400000, 0x0000000709400000, 0x0000000709600000|  0%| F|  |TAMS 0x0000000709400000, 0x0000000709400000| Untracked 
|  68|0x0000000709600000, 0x0000000709600000, 0x0000000709800000|  0%| F|  |TAMS 0x0000000709600000, 0x0000000709600000| Untracked 
|  69|0x0000000709800000, 0x0000000709800000, 0x0000000709a00000|  0%| F|  |TAMS 0x0000000709800000, 0x0000000709800000| Untracked 
|  70|0x0000000709a00000, 0x0000000709a00000, 0x0000000709c00000|  0%| F|  |TAMS 0x0000000709a00000, 0x0000000709a00000| Untracked 
|  71|0x0000000709c00000, 0x0000000709c00000, 0x0000000709e00000|  0%| F|  |TAMS 0x0000000709c00000, 0x0000000709c00000| Untracked 
|  72|0x0000000709e00000, 0x0000000709e00000, 0x000000070a000000|  0%| F|  |TAMS 0x0000000709e00000, 0x0000000709e00000| Untracked 
|  73|0x000000070a000000, 0x000000070a000000, 0x000000070a200000|  0%| F|  |TAMS 0x000000070a000000, 0x000000070a000000| Untracked 
|  74|0x000000070a200000, 0x000000070a200000, 0x000000070a400000|  0%| F|  |TAMS 0x000000070a200000, 0x000000070a200000| Untracked 
|  75|0x000000070a400000, 0x000000070a400000, 0x000000070a600000|  0%| F|  |TAMS 0x000000070a400000, 0x000000070a400000| Untracked 
|  76|0x000000070a600000, 0x000000070a600000, 0x000000070a800000|  0%| F|  |TAMS 0x000000070a600000, 0x000000070a600000| Untracked 
|  77|0x000000070a800000, 0x000000070a800000, 0x000000070aa00000|  0%| F|  |TAMS 0x000000070a800000, 0x000000070a800000| Untracked 
|  78|0x000000070aa00000, 0x000000070aa00000, 0x000000070ac00000|  0%| F|  |TAMS 0x000000070aa00000, 0x000000070aa00000| Untracked 
|  79|0x000000070ac00000, 0x000000070ac00000, 0x000000070ae00000|  0%| F|  |TAMS 0x000000070ac00000, 0x000000070ac00000| Untracked 
|  80|0x000000070ae00000, 0x000000070ae00000, 0x000000070b000000|  0%| F|  |TAMS 0x000000070ae00000, 0x000000070ae00000| Untracked 
|  81|0x000000070b000000, 0x000000070b000000, 0x000000070b200000|  0%| F|  |TAMS 0x000000070b000000, 0x000000070b000000| Untracked 
|  82|0x000000070b200000, 0x000000070b200000, 0x000000070b400000|  0%| F|  |TAMS 0x000000070b200000, 0x000000070b200000| Untracked 
|  83|0x000000070b400000, 0x000000070b400000, 0x000000070b600000|  0%| F|  |TAMS 0x000000070b400000, 0x000000070b400000| Untracked 
|  84|0x000000070b600000, 0x000000070b600000, 0x000000070b800000|  0%| F|  |TAMS 0x000000070b600000, 0x000000070b600000| Untracked 
|  85|0x000000070b800000, 0x000000070b800000, 0x000000070ba00000|  0%| F|  |TAMS 0x000000070b800000, 0x000000070b800000| Untracked 
|  86|0x000000070ba00000, 0x000000070ba00000, 0x000000070bc00000|  0%| F|  |TAMS 0x000000070ba00000, 0x000000070ba00000| Untracked 
|  87|0x000000070bc00000, 0x000000070bc00000, 0x000000070be00000|  0%| F|  |TAMS 0x000000070bc00000, 0x000000070bc00000| Untracked 
|  88|0x000000070be00000, 0x000000070be00000, 0x000000070c000000|  0%| F|  |TAMS 0x000000070be00000, 0x000000070be00000| Untracked 
|  89|0x000000070c000000, 0x000000070c000000, 0x000000070c200000|  0%| F|  |TAMS 0x000000070c000000, 0x000000070c000000| Untracked 
|  90|0x000000070c200000, 0x000000070c200000, 0x000000070c400000|  0%| F|  |TAMS 0x000000070c200000, 0x000000070c200000| Untracked 
|  91|0x000000070c400000, 0x000000070c400000, 0x000000070c600000|  0%| F|  |TAMS 0x000000070c400000, 0x000000070c400000| Untracked 
|  92|0x000000070c600000, 0x000000070c600000, 0x000000070c800000|  0%| F|  |TAMS 0x000000070c600000, 0x000000070c600000| Untracked 
|  93|0x000000070c800000, 0x000000070c800000, 0x000000070ca00000|  0%| F|  |TAMS 0x000000070c800000, 0x000000070c800000| Untracked 
|  94|0x000000070ca00000, 0x000000070ca00000, 0x000000070cc00000|  0%| F|  |TAMS 0x000000070ca00000, 0x000000070ca00000| Untracked 
|  95|0x000000070cc00000, 0x000000070cc00000, 0x000000070ce00000|  0%| F|  |TAMS 0x000000070cc00000, 0x000000070cc00000| Untracked 
|  96|0x000000070ce00000, 0x000000070ce00000, 0x000000070d000000|  0%| F|  |TAMS 0x000000070ce00000, 0x000000070ce00000| Untracked 
|  97|0x000000070d000000, 0x000000070d000000, 0x000000070d200000|  0%| F|  |TAMS 0x000000070d000000, 0x000000070d000000| Untracked 
|  98|0x000000070d200000, 0x000000070d200000, 0x000000070d400000|  0%| F|  |TAMS 0x000000070d200000, 0x000000070d200000| Untracked 
|  99|0x000000070d400000, 0x000000070d400000, 0x000000070d600000|  0%| F|  |TAMS 0x000000070d400000, 0x000000070d400000| Untracked 
| 100|0x000000070d600000, 0x000000070d600000, 0x000000070d800000|  0%| F|  |TAMS 0x000000070d600000, 0x000000070d600000| Untracked 
| 101|0x000000070d800000, 0x000000070d800000, 0x000000070da00000|  0%| F|  |TAMS 0x000000070d800000, 0x000000070d800000| Untracked 
| 102|0x000000070da00000, 0x000000070da00000, 0x000000070dc00000|  0%| F|  |TAMS 0x000000070da00000, 0x000000070da00000| Untracked 
| 103|0x000000070dc00000, 0x000000070dc00000, 0x000000070de00000|  0%| F|  |TAMS 0x000000070dc00000, 0x000000070dc00000| Untracked 
| 104|0x000000070de00000, 0x000000070de00000, 0x000000070e000000|  0%| F|  |TAMS 0x000000070de00000, 0x000000070de00000| Untracked 
| 105|0x000000070e000000, 0x000000070e000000, 0x000000070e200000|  0%| F|  |TAMS 0x000000070e000000, 0x000000070e000000| Untracked 
| 106|0x000000070e200000, 0x000000070e200000, 0x000000070e400000|  0%| F|  |TAMS 0x000000070e200000, 0x000000070e200000| Untracked 
| 107|0x000000070e400000, 0x000000070e400000, 0x000000070e600000|  0%| F|  |TAMS 0x000000070e400000, 0x000000070e400000| Untracked 
| 108|0x000000070e600000, 0x000000070e600000, 0x000000070e800000|  0%| F|  |TAMS 0x000000070e600000, 0x000000070e600000| Untracked 
| 109|0x000000070e800000, 0x000000070e800000, 0x000000070ea00000|  0%| F|  |TAMS 0x000000070e800000, 0x000000070e800000| Untracked 
| 110|0x000000070ea00000, 0x000000070ea00000, 0x000000070ec00000|  0%| F|  |TAMS 0x000000070ea00000, 0x000000070ea00000| Untracked 
| 111|0x000000070ec00000, 0x000000070ec00000, 0x000000070ee00000|  0%| F|  |TAMS 0x000000070ec00000, 0x000000070ec00000| Untracked 
| 112|0x000000070ee00000, 0x000000070ee00000, 0x000000070f000000|  0%| F|  |TAMS 0x000000070ee00000, 0x000000070ee00000| Untracked 
| 113|0x000000070f000000, 0x000000070f000000, 0x000000070f200000|  0%| F|  |TAMS 0x000000070f000000, 0x000000070f000000| Untracked 
| 114|0x000000070f200000, 0x000000070f200000, 0x000000070f400000|  0%| F|  |TAMS 0x000000070f200000, 0x000000070f200000| Untracked 
| 115|0x000000070f400000, 0x000000070f600000, 0x000000070f600000|100%| S|CS|TAMS 0x000000070f400000, 0x000000070f400000| Complete 
| 116|0x000000070f600000, 0x000000070f800000, 0x000000070f800000|100%| S|CS|TAMS 0x000000070f600000, 0x000000070f600000| Complete 
| 117|0x000000070f800000, 0x000000070f800000, 0x000000070fa00000|  0%| F|  |TAMS 0x000000070f800000, 0x000000070f800000| Untracked 
| 118|0x000000070fa00000, 0x000000070fa00000, 0x000000070fc00000|  0%| F|  |TAMS 0x000000070fa00000, 0x000000070fa00000| Untracked 
| 119|0x000000070fc00000, 0x000000070fc00000, 0x000000070fe00000|  0%| F|  |TAMS 0x000000070fc00000, 0x000000070fc00000| Untracked 
| 120|0x000000070fe00000, 0x000000070fe00000, 0x0000000710000000|  0%| F|  |TAMS 0x000000070fe00000, 0x000000070fe00000| Untracked 
| 121|0x0000000710000000, 0x0000000710000000, 0x0000000710200000|  0%| F|  |TAMS 0x0000000710000000, 0x0000000710000000| Untracked 
| 122|0x0000000710200000, 0x0000000710200000, 0x0000000710400000|  0%| F|  |TAMS 0x0000000710200000, 0x0000000710200000| Untracked 
| 123|0x0000000710400000, 0x0000000710400000, 0x0000000710600000|  0%| F|  |TAMS 0x0000000710400000, 0x0000000710400000| Untracked 
| 124|0x0000000710600000, 0x0000000710600000, 0x0000000710800000|  0%| F|  |TAMS 0x0000000710600000, 0x0000000710600000| Untracked 
| 125|0x0000000710800000, 0x0000000710800000, 0x0000000710a00000|  0%| F|  |TAMS 0x0000000710800000, 0x0000000710800000| Untracked 
| 126|0x0000000710a00000, 0x0000000710a00000, 0x0000000710c00000|  0%| F|  |TAMS 0x0000000710a00000, 0x0000000710a00000| Untracked 
| 127|0x0000000710c00000, 0x0000000710de6a10, 0x0000000710e00000| 95%| E|  |TAMS 0x0000000710c00000, 0x0000000710c00000| Complete 

Card table byte_map: [0x00000208f56f0000,0x00000208f5ef0000] _byte_map_base: 0x00000208f1ee9000

Marking Bits (Prev, Next): (CMBitMap*) 0x00000208ed302030, (CMBitMap*) 0x00000208ed302070
 Prev Bits: [0x00000208f66f0000, 0x00000208fa6b8000)
 Next Bits: [0x00000208fa6c0000, 0x00000208fe688000)

Polling page: 0x00000208eb210000

Metaspace:

Usage:
  Non-class:      4.70 MB used.
      Class:    596.74 KB used.
       Both:      5.29 MB used.

Virtual space:
  Non-class space:       64.00 MB reserved,       4.75 MB (  7%) committed,  1 nodes.
      Class space:        1.00 GB reserved,     704.00 KB ( <1%) committed,  1 nodes.
             Both:        1.06 GB reserved,       5.44 MB ( <1%) committed. 

Chunk freelists:
   Non-Class:  1.86 MB
       Class:  3.16 MB
        Both:  5.02 MB

MaxMetaspaceSize: unlimited
CompressedClassSpaceSize: 1.00 GB
Initial GC threshold: 21.00 MB
Current GC threshold: 21.00 MB
CDS: on
MetaspaceReclaimPolicy: balanced
 - commit_granule_bytes: 65536.
 - commit_granule_words: 8192.
 - virtual_space_node_default_size: 8388608.
 - enlarge_chunks_in_place: 1.
 - new_chunks_are_fully_committed: 0.
 - uncommit_free_chunks: 1.
 - use_allocation_guard: 0.


Internal statistics:

num_allocs_failed_limit: 0.
num_arena_births: 74.
num_arena_deaths: 0.
num_vsnodes_births: 2.
num_vsnodes_deaths: 0.
num_space_committed: 87.
num_space_uncommitted: 0.
num_chunks_returned_to_freelist: 0.
num_chunks_taken_from_freelist: 216.
num_chunk_merges: 0.
num_chunk_splits: 122.
num_chunks_enlarged: 90.
num_inconsistent_stats: 0.

CodeHeap 'non-profiled nmethods': size=120000Kb used=361Kb max_used=361Kb free=119638Kb
 bounds [0x0000020887ad0000, 0x0000020887d40000, 0x000002088f000000]
CodeHeap 'profiled nmethods': size=120000Kb used=2043Kb max_used=2043Kb free=117956Kb
 bounds [0x00000208805a0000, 0x0000020880810000, 0x0000020887ad0000]
CodeHeap 'non-nmethods': size=5760Kb used=1156Kb max_used=1182Kb free=4603Kb
 bounds [0x0000020880000000, 0x0000020880270000, 0x00000208805a0000]
 total_blobs=1516 nmethods=1082 adapters=347
 compilation: enabled
              stopped_count=0, restarted_count=0
 full_count=0

Compilation events (20 events):
Event: 0.652 Thread 0x00000208ff4c6ee0 1074       4       sun.reflect.generics.parser.SignatureParser::current (59 bytes)
Event: 0.652 Thread 0x00000208feda0b20 1075       3       java.util.ArrayList::<init> (61 bytes)
Event: 0.652 Thread 0x00000208feda0b20 nmethod 1075 0x0000020880797a90 code [0x0000020880797d00, 0x0000020880798698]
Event: 0.652 Thread 0x00000208feda0b20 1076       1       sun.reflect.generics.visitor.Reifier::getFactory (5 bytes)
Event: 0.653 Thread 0x00000208feda0b20 nmethod 1076 0x0000020887b29790 code [0x0000020887b29920, 0x0000020887b299f8]
Event: 0.653 Thread 0x00000208feda0b20 1077   !   3       org.springframework.util.ConcurrentReferenceHashMap$Segment::clear (69 bytes)
Event: 0.653 Thread 0x00000208ff4c6ee0 nmethod 1074 0x0000020887b29a90 code [0x0000020887b29c20, 0x0000020887b29d68]
Event: 0.653 Thread 0x00000208feda0b20 nmethod 1077 0x0000020880798990 code [0x0000020880798be0, 0x0000020880799778]
Event: 0.654 Thread 0x00000208feda0b20 1078       3       org.springframework.util.ConcurrentReferenceHashMap::getHash (64 bytes)
Event: 0.654 Thread 0x00000208feda0b20 nmethod 1078 0x0000020880799b90 code [0x0000020880799d40, 0x0000020880799fa8]
Event: 0.654 Thread 0x00000208feda0b20 1079       3       org.springframework.util.ConcurrentReferenceHashMap::getSegmentForHash (23 bytes)
Event: 0.654 Thread 0x00000208feda0b20 nmethod 1079 0x000002088079a090 code [0x000002088079a220, 0x000002088079a378]
Event: 0.654 Thread 0x00000208feda0b20 1080       1       sun.reflect.generics.tree.SimpleClassTypeSignature::getTypeArguments (5 bytes)
Event: 0.654 Thread 0x00000208feda0b20 nmethod 1080 0x0000020887b29f10 code [0x0000020887b2a0a0, 0x0000020887b2a178]
Event: 0.656 Thread 0x00000208feda0b20 1081   !   3       jdk.internal.loader.Resource::getBytes (244 bytes)
Event: 0.657 Thread 0x00000208feda0b20 nmethod 1081 0x000002088079a490 code [0x000002088079a780, 0x000002088079bba8]
Event: 0.658 Thread 0x00000208feda0b20 1082       1       java.util.Collections$1::hasNext (5 bytes)
Event: 0.658 Thread 0x00000208feda0b20 nmethod 1082 0x0000020887b2a210 code [0x0000020887b2a3a0, 0x0000020887b2a478]
Event: 0.658 Thread 0x00000208feda0b20 1083       3       jdk.internal.loader.BuiltinClassLoader::isSealed (71 bytes)
Event: 0.659 Thread 0x00000208feda0b20 nmethod 1083 0x000002088079c410 code [0x000002088079c820, 0x000002088079e428]

GC Heap History (2 events):
Event: 0.612 GC heap before
{Heap before GC invocations=0 (full 0):
 garbage-first heap   total 262144K, used 20480K [0x0000000700e00000, 0x0000000800000000)
  region size 2048K, 11 young (22528K), 0 survivors (0K)
 Metaspace       used 4774K, committed 4928K, reserved 1114112K
  class space    used 509K, committed 576K, reserved 1048576K
}
Event: 0.616 GC heap after
{Heap after GC invocations=1 (full 0):
 garbage-first heap   total 262144K, used 6659K [0x0000000700e00000, 0x0000000800000000)
  region size 2048K, 2 young (4096K), 2 survivors (4096K)
 Metaspace       used 4774K, committed 4928K, reserved 1114112K
  class space    used 509K, committed 576K, reserved 1048576K
}

Deoptimization events (20 events):
Event: 0.557 Thread 0x00000208ed28f360 DEOPT PACKING pc=0x00000208807537d6 sp=0x00000077b9afe130
Event: 0.557 Thread 0x00000208ed28f360 DEOPT UNPACKING pc=0x0000020880052b43 sp=0x00000077b9afd5b8 mode 0
Event: 0.560 Thread 0x00000208ed28f360 DEOPT PACKING pc=0x00000208807537d6 sp=0x00000077b9afe130
Event: 0.560 Thread 0x00000208ed28f360 DEOPT UNPACKING pc=0x0000020880052b43 sp=0x00000077b9afd5b8 mode 0
Event: 0.561 Thread 0x00000208ed28f360 DEOPT PACKING pc=0x00000208807537d6 sp=0x00000077b9afe130
Event: 0.561 Thread 0x00000208ed28f360 DEOPT UNPACKING pc=0x0000020880052b43 sp=0x00000077b9afd5b8 mode 0
Event: 0.562 Thread 0x00000208ed28f360 DEOPT PACKING pc=0x00000208807537d6 sp=0x00000077b9afe130
Event: 0.562 Thread 0x00000208ed28f360 DEOPT UNPACKING pc=0x0000020880052b43 sp=0x00000077b9afd5b8 mode 0
Event: 0.563 Thread 0x00000208ed28f360 DEOPT PACKING pc=0x00000208807537d6 sp=0x00000077b9afe130
Event: 0.563 Thread 0x00000208ed28f360 DEOPT UNPACKING pc=0x0000020880052b43 sp=0x00000077b9afd5b8 mode 0
Event: 0.589 Thread 0x00000208ff2ec260 Uncommon trap: trap_request=0xffffff54 fr.pc=0x0000020887b043f8 relative=0x00000000000002b8
Event: 0.589 Thread 0x00000208ff2ec260 Uncommon trap: reason=speculate_null_assert action=make_not_entrant pc=0x0000020887b043f8 method=jdk.internal.loader.URLClassPath.getLoader(I)Ljdk/internal/loader/URLClassPath$Loader; @ 41 c2
Event: 0.589 Thread 0x00000208ff2ec260 DEOPT PACKING pc=0x0000020887b043f8 sp=0x00000077bb0fe600
Event: 0.589 Thread 0x00000208ff2ec260 DEOPT UNPACKING pc=0x00000208800523a3 sp=0x00000077bb0fe5a0 mode 2
Event: 0.589 Thread 0x00000208ff2ec260 Uncommon trap: trap_request=0xffffff45 fr.pc=0x0000020887b1bbbc relative=0x000000000000131c
Event: 0.589 Thread 0x00000208ff2ec260 Uncommon trap: reason=unstable_if action=reinterpret pc=0x0000020887b1bbbc method=java.io.WinNTFileSystem.normalize(Ljava/lang/String;II)Ljava/lang/String; @ 87 c2
Event: 0.589 Thread 0x00000208ff2ec260 DEOPT PACKING pc=0x0000020887b1bbbc sp=0x00000077bb0fe1f0
Event: 0.589 Thread 0x00000208ff2ec260 DEOPT UNPACKING pc=0x00000208800523a3 sp=0x00000077bb0fe128 mode 2
Event: 0.633 Thread 0x00000208ff2ec260 DEOPT PACKING pc=0x000002088062da11 sp=0x00000077bb0fc4f0
Event: 0.633 Thread 0x00000208ff2ec260 DEOPT UNPACKING pc=0x0000020880052b43 sp=0x00000077bb0fb9f8 mode 0

Classes loaded (20 events):
Event: 0.638 Loading class java/lang/ProcessEnvironment$CheckedEntrySet$1
Event: 0.638 Loading class java/lang/ProcessEnvironment$CheckedEntrySet$1 done
Event: 0.638 Loading class java/lang/ProcessEnvironment$CheckedEntry
Event: 0.638 Loading class java/lang/ProcessEnvironment$CheckedEntry done
Event: 0.643 Loading class java/util/concurrent/CopyOnWriteArraySet
Event: 0.643 Loading class java/util/concurrent/CopyOnWriteArraySet done
Event: 0.646 Loading class java/util/concurrent/ConcurrentLinkedDeque
Event: 0.646 Loading class java/util/concurrent/ConcurrentLinkedDeque done
Event: 0.646 Loading class java/util/concurrent/ConcurrentLinkedDeque$Node
Event: 0.646 Loading class java/util/concurrent/ConcurrentLinkedDeque$Node done
Event: 0.650 Loading class sun/reflect/generics/tree/BottomSignature
Event: 0.650 Loading class sun/reflect/generics/tree/BottomSignature done
Event: 0.650 Loading class sun/reflect/generics/tree/Wildcard
Event: 0.650 Loading class sun/reflect/generics/tree/Wildcard done
Event: 0.650 Loading class sun/reflect/generics/reflectiveObjects/WildcardTypeImpl
Event: 0.651 Loading class sun/reflect/generics/reflectiveObjects/WildcardTypeImpl done
Event: 0.653 Loading class java/util/Currency
Event: 0.653 Loading class java/util/Currency done
Event: 0.654 Loading class java/util/UUID
Event: 0.654 Loading class java/util/UUID done

Classes unloaded (0 events):
No events

Classes redefined (0 events):
No events

Internal exceptions (15 events):
Event: 0.239 Thread 0x00000208ed28f360 Exception <a 'java/lang/NoSuchMethodError'{0x0000000710760bc0}: 'void java.lang.invoke.DirectMethodHandle$Holder.invokeStatic(java.lang.Object, java.lang.Object, java.lang.Object)'> (0x0000000710760bc0) 
thrown [s\open\src\hotspot\share\interpreter\linkResolver.cpp, line 766]
Event: 0.243 Thread 0x00000208ed28f360 Exception <a 'java/lang/NoSuchMethodError'{0x00000007107798d8}: 'java.lang.Object java.lang.invoke.Invokers$Holder.invokeExact_MT(java.lang.Object, java.lang.Object, java.lang.Object, java.lang.Object, java.lang.Object)'> (0x00000007107798d8) 
thrown [s\open\src\hotspot\share\interpreter\linkResolver.cpp, line 766]
Event: 0.255 Thread 0x00000208ff2ec730 Exception <a 'java/lang/NoSuchMethodError'{0x000000071078e9e0}: 'void java.lang.invoke.DirectMethodHandle$Holder.invokeStatic(java.lang.Object, java.lang.Object)'> (0x000000071078e9e0) 
thrown [s\open\src\hotspot\share\interpreter\linkResolver.cpp, line 766]
Event: 0.317 Thread 0x00000208ed28f360 Exception <a 'java/lang/ClassNotFoundException'{0x000000071057ae00}: javax/smartcardio/CardPermission> (0x000000071057ae00) 
thrown [s\open\src\hotspot\share\classfile\systemDictionary.cpp, line 255]
Event: 0.321 Thread 0x00000208ed28f360 Exception <a 'java/io/FileNotFoundException'{0x00000007105893c8}> (0x00000007105893c8) 
thrown [s\open\src\hotspot\share\prims\jni.cpp, line 516]
Event: 0.421 Thread 0x00000208ed28f360 Exception <a 'java/lang/NoSuchMethodError'{0x00000007100ce5b8}: 'java.lang.Object java.lang.invoke.DirectMethodHandle$Holder.invokeSpecialIFC(java.lang.Object, java.lang.Object, java.lang.Object, java.lang.Object)'> (0x00000007100ce5b8) 
thrown [s\open\src\hotspot\share\interpreter\linkResolver.cpp, line 766]
Event: 0.436 Thread 0x00000208ed28f360 Exception <a 'java/lang/NoSuchMethodError'{0x0000000710171160}: 'int java.lang.invoke.DirectMethodHandle$Holder.invokeStaticInit(java.lang.Object, java.lang.Object)'> (0x0000000710171160) 
thrown [s\open\src\hotspot\share\interpreter\linkResolver.cpp, line 766]
Event: 0.491 Thread 0x00000208ed28f360 Exception <a 'java/lang/NoSuchMethodError'{0x000000070ff6d468}: 'int java.lang.invoke.DirectMethodHandle$Holder.invokeStaticInit(java.lang.Object, java.lang.Object, java.lang.Object)'> (0x000000070ff6d468) 
thrown [s\open\src\hotspot\share\interpreter\linkResolver.cpp, line 766]
Event: 0.498 Thread 0x00000208ed28f360 Exception <a 'java/lang/NoSuchMethodError'{0x000000070ffc3460}: 'java.lang.Object java.lang.invoke.DirectMethodHandle$Holder.newInvokeSpecial(java.lang.Object, java.lang.Object, java.lang.Object, java.lang.Object, java.lang.Object)'> (0x000000070ffc3460) 
thrown [s\open\src\hotspot\share\interpreter\linkResolver.cpp, line 766]
Event: 0.503 Thread 0x00000208ed28f360 Exception <a 'java/lang/NoSuchMethodError'{0x000000070fffe520}: 'int java.lang.invoke.DirectMethodHandle$Holder.invokeInterface(java.lang.Object, java.lang.Object)'> (0x000000070fffe520) 
thrown [s\open\src\hotspot\share\interpreter\linkResolver.cpp, line 766]
Event: 0.504 Thread 0x00000208ed28f360 Exception <a 'java/lang/NoSuchMethodError'{0x000000070fc03610}: 'int java.lang.invoke.DirectMethodHandle$Holder.invokeSpecial(java.lang.Object, java.lang.Object, java.lang.Object)'> (0x000000070fc03610) 
thrown [s\open\src\hotspot\share\interpreter\linkResolver.cpp, line 766]
Event: 0.530 Thread 0x00000208ed28f360 Exception <a 'java/lang/NoSuchMethodError'{0x000000070fd43ec0}: 'java.lang.Object java.lang.invoke.DirectMethodHandle$Holder.invokeStaticInit(java.lang.Object)'> (0x000000070fd43ec0) 
thrown [s\open\src\hotspot\share\interpreter\linkResolver.cpp, line 766]
Event: 0.588 Thread 0x00000208ff2eb8c0 Exception <a 'java/lang/NoSuchMethodError'{0x000000070f894b78}: 'org.slf4j.impl.StaticMDCBinder org.slf4j.impl.StaticMDCBinder.getSingleton()'> (0x000000070f894b78) 
thrown [s\open\src\hotspot\share\interpreter\linkResolver.cpp, line 766]
Event: 0.591 Thread 0x00000208ff2ec260 Exception <a 'java/lang/NoSuchMethodError'{0x000000070f8e5c48}: 'void java.lang.invoke.DirectMethodHandle$Holder.invokeSpecial(java.lang.Object, java.lang.Object, java.lang.Object)'> (0x000000070f8e5c48) 
thrown [s\open\src\hotspot\share\interpreter\linkResolver.cpp, line 766]
Event: 0.637 Thread 0x00000208ff2ec260 Exception <a 'sun/nio/fs/WindowsException'{0x0000000710cd71b0}> (0x0000000710cd71b0) 
thrown [s\open\src\hotspot\share\prims\jni.cpp, line 516]

VM Operations (12 events):
Event: 0.136 Executing VM operation: HandshakeAllThreads
Event: 0.136 Executing VM operation: HandshakeAllThreads done
Event: 0.249 Executing VM operation: HandshakeAllThreads
Event: 0.249 Executing VM operation: HandshakeAllThreads done
Event: 0.407 Executing VM operation: HandshakeAllThreads
Event: 0.407 Executing VM operation: HandshakeAllThreads done
Event: 0.407 Executing VM operation: HandshakeAllThreads
Event: 0.407 Executing VM operation: HandshakeAllThreads done
Event: 0.612 Executing VM operation: G1CollectForAllocation
Event: 0.616 Executing VM operation: G1CollectForAllocation done
Event: 0.638 Executing VM operation: HandshakeAllThreads
Event: 0.638 Executing VM operation: HandshakeAllThreads done

Events (20 events):
Event: 0.039 Thread 0x00000208fed9c3b0 Thread added: 0x00000208fed9c3b0
Event: 0.039 Thread 0x00000208fed9d0d0 Thread added: 0x00000208fed9d0d0
Event: 0.039 Thread 0x00000208feda0b20 Thread added: 0x00000208feda0b20
Event: 0.039 Thread 0x00000208fedb2fe0 Thread added: 0x00000208fedb2fe0
Event: 0.131 Thread 0x00000208ff2eaf20 Thread added: 0x00000208ff2eaf20
Event: 0.148 Loaded shared library C:\Program Files\Java\jdk-18.0.1.1\bin\zip.dll
Event: 0.151 Loaded shared library C:\Program Files\Java\jdk-18.0.1.1\bin\instrument.dll
Event: 0.157 Loaded shared library C:\Program Files\Java\jdk-18.0.1.1\bin\net.dll
Event: 0.159 Loaded shared library C:\Program Files\Java\jdk-18.0.1.1\bin\nio.dll
Event: 0.161 Loaded shared library C:\Program Files\Java\jdk-18.0.1.1\bin\zip.dll
Event: 0.193 Thread 0x00000208ff4c6ee0 Thread added: 0x00000208ff4c6ee0
Event: 0.247 Loaded shared library F:\IntelliJ IDEA Community Edition 2022.2\bin\breakgen64.dll
Event: 0.247 Thread 0x00000208ff2ec730 Thread added: 0x00000208ff2ec730
Event: 0.247 Thread 0x00000208ff2ebd90 Thread added: 0x00000208ff2ebd90
Event: 0.275 Loaded shared library C:\Program Files\Java\jdk-18.0.1.1\bin\verify.dll
Event: 0.281 Loaded shared library C:\Program Files\Java\jdk-18.0.1.1\bin\jimage.dll
Event: 0.531 Loaded shared library C:\Program Files\Java\jdk-18.0.1.1\bin\management.dll
Event: 0.533 Loaded shared library C:\Program Files\Java\jdk-18.0.1.1\bin\management_ext.dll
Event: 0.584 Thread 0x00000208ff2eb8c0 Thread added: 0x00000208ff2eb8c0
Event: 0.589 Thread 0x00000208ff2ec260 Thread added: 0x00000208ff2ec260


Dynamic libraries:
0x00007ff7f46c0000 - 0x00007ff7f46d0000 	C:\Program Files\Java\jdk-18.0.1.1\bin\java.exe
0x00007ffe612d0000 - 0x00007ffe614c8000 	C:\Windows\SYSTEM32\ntdll.dll
0x00007ffe5f920000 - 0x00007ffe5f9dd000 	C:\Windows\System32\KERNEL32.DLL
0x00007ffe5ed20000 - 0x00007ffe5eff2000 	C:\Windows\System32\KERNELBASE.dll
0x00007ffe5e9e0000 - 0x00007ffe5eae0000 	C:\Windows\System32\ucrtbase.dll
0x00007ffe491b0000 - 0x00007ffe491c8000 	C:\Program Files\Java\jdk-18.0.1.1\bin\jli.dll
0x00007ffe54a30000 - 0x00007ffe54a4a000 	C:\Program Files\Java\jdk-18.0.1.1\bin\VCRUNTIME140.dll
0x00007ffe5fab0000 - 0x00007ffe5fb5e000 	C:\Windows\System32\ADVAPI32.dll
0x00007ffe60a40000 - 0x00007ffe60ade000 	C:\Windows\System32\msvcrt.dll
0x00007ffe5f520000 - 0x00007ffe5f5bc000 	C:\Windows\System32\sechost.dll
0x00007ffe5f7f0000 - 0x00007ffe5f915000 	C:\Windows\System32\RPCRT4.dll
0x00007ffe5fec0000 - 0x00007ffe6005d000 	C:\Windows\System32\USER32.dll
0x00007ffe5f160000 - 0x00007ffe5f182000 	C:\Windows\System32\win32u.dll
0x00007ffe4c790000 - 0x00007ffe4ca2a000 	C:\Windows\WinSxS\amd64_microsoft.windows.common-controls_6595b64144ccf1df_6.0.19041.1110_none_60b5254171f9507e\COMCTL32.dll
0x00007ffe61200000 - 0x00007ffe6122b000 	C:\Windows\System32\GDI32.dll
0x00007ffe5f000000 - 0x00007ffe5f10f000 	C:\Windows\System32\gdi32full.dll
0x00007ffe5f200000 - 0x00007ffe5f29d000 	C:\Windows\System32\msvcp_win.dll
0x00007ffe59410000 - 0x00007ffe5941a000 	C:\Windows\SYSTEM32\VERSION.dll
0x00007ffe60840000 - 0x00007ffe60870000 	C:\Windows\System32\IMM32.DLL
0x00007ffe56c30000 - 0x00007ffe56c3c000 	C:\Program Files\Java\jdk-18.0.1.1\bin\vcruntime140_1.dll
0x00007ffe233b0000 - 0x00007ffe2343d000 	C:\Program Files\Java\jdk-18.0.1.1\bin\msvcp140.dll
0x00007ffdfa380000 - 0x00007ffdfaf90000 	C:\Program Files\Java\jdk-18.0.1.1\bin\server\jvm.dll
0x00007ffe607b0000 - 0x00007ffe607b8000 	C:\Windows\System32\PSAPI.DLL
0x00007ffe5a1f0000 - 0x00007ffe5a217000 	C:\Windows\SYSTEM32\WINMM.dll
0x00007ffe53c40000 - 0x00007ffe53c49000 	C:\Windows\SYSTEM32\WSOCK32.dll
0x00007ffe607c0000 - 0x00007ffe6082b000 	C:\Windows\System32\WS2_32.dll
0x00007ffe5c950000 - 0x00007ffe5c962000 	C:\Windows\SYSTEM32\kernel.appcore.dll
0x00007ffe55de0000 - 0x00007ffe55dea000 	C:\Program Files\Java\jdk-18.0.1.1\bin\jimage.dll
0x00007ffe58b60000 - 0x00007ffe58d44000 	C:\Windows\SYSTEM32\DBGHELP.DLL
0x00007ffe56ab0000 - 0x00007ffe56adc000 	C:\Windows\SYSTEM32\dbgcore.DLL
0x00007ffe5f2a0000 - 0x00007ffe5f322000 	C:\Windows\System32\bcryptPrimitives.dll
0x00007ffe56c40000 - 0x00007ffe56c4e000 	C:\Program Files\Java\jdk-18.0.1.1\bin\instrument.dll
0x00007ffe2ee60000 - 0x00007ffe2ee85000 	C:\Program Files\Java\jdk-18.0.1.1\bin\java.dll
0x00007ffe14630000 - 0x00007ffe14706000 	C:\Program Files\Java\jdk-18.0.1.1\bin\jsvml.dll
0x00007ffe60060000 - 0x00007ffe607a3000 	C:\Windows\System32\SHELL32.dll
0x00007ffe5cac0000 - 0x00007ffe5d251000 	C:\Windows\SYSTEM32\windows.storage.dll
0x00007ffe5fb60000 - 0x00007ffe5feb4000 	C:\Windows\System32\combase.dll
0x00007ffe5e440000 - 0x00007ffe5e470000 	C:\Windows\SYSTEM32\Wldp.dll
0x00007ffe5f390000 - 0x00007ffe5f43d000 	C:\Windows\System32\SHCORE.dll
0x00007ffe5f440000 - 0x00007ffe5f495000 	C:\Windows\System32\shlwapi.dll
0x00007ffe5e920000 - 0x00007ffe5e93f000 	C:\Windows\SYSTEM32\profapi.dll
0x00007ffe3a6c0000 - 0x00007ffe3a6d8000 	C:\Program Files\Java\jdk-18.0.1.1\bin\zip.dll
0x00007ffe48f70000 - 0x00007ffe48f83000 	C:\Program Files\Java\jdk-18.0.1.1\bin\net.dll
0x00007ffe59f90000 - 0x00007ffe5a09d000 	C:\Windows\SYSTEM32\WINHTTP.dll
0x00007ffe5e1a0000 - 0x00007ffe5e20a000 	C:\Windows\system32\mswsock.dll
0x00007ffe3cfd0000 - 0x00007ffe3cfe6000 	C:\Program Files\Java\jdk-18.0.1.1\bin\nio.dll
0x00007ffe25050000 - 0x00007ffe2506a000 	F:\IntelliJ IDEA Community Edition 2022.2\bin\breakgen64.dll
0x00007ffe491a0000 - 0x00007ffe491b0000 	C:\Program Files\Java\jdk-18.0.1.1\bin\verify.dll
0x00007ffe40d30000 - 0x00007ffe40d39000 	C:\Program Files\Java\jdk-18.0.1.1\bin\management.dll
0x00007ffe40d20000 - 0x00007ffe40d2b000 	C:\Program Files\Java\jdk-18.0.1.1\bin\management_ext.dll

dbghelp: loaded successfully - version: 4.0.5 - missing functions: none
symbol engine: initialized successfully - sym options: 0x614 - pdb path: .;C:\Program Files\Java\jdk-18.0.1.1\bin;C:\Windows\SYSTEM32;C:\Windows\WinSxS\amd64_microsoft.windows.common-controls_6595b64144ccf1df_6.0.19041.1110_none_60b5254171f9507e;C:\Program Files\Java\jdk-18.0.1.1\bin\server;F:\IntelliJ IDEA Community Edition 2022.2\bin

VM Arguments:
jvm_args: -javaagent:F:\IntelliJ IDEA Community Edition 2022.2\lib\idea_rt.jar=55384:F:\IntelliJ IDEA Community Edition 2022.2\bin -Dfile.encoding=UTF-8 
java_command: com.springflutter.demo.DemoApplication
java_class_path (initial): C:\Users\user\Desktop\TravelApp\target\classes;C:\Users\user\.m2\repository\org\springframework\boot\spring-boot-starter-data-jpa\2.7.5\spring-boot-starter-data-jpa-2.7.5.jar;C:\Users\user\.m2\repository\org\springframework\boot\spring-boot-starter-aop\2.7.5\spring-boot-starter-aop-2.7.5.jar;C:\Users\user\.m2\repository\org\aspectj\aspectjweaver\1.9.7\aspectjweaver-1.9.7.jar;C:\Users\user\.m2\repository\org\springframework\boot\spring-boot-starter-jdbc\2.7.5\spring-boot-starter-jdbc-2.7.5.jar;C:\Users\user\.m2\repository\com\zaxxer\HikariCP\4.0.3\HikariCP-4.0.3.jar;C:\Users\user\.m2\repository\org\springframework\spring-jdbc\5.3.23\spring-jdbc-5.3.23.jar;C:\Users\user\.m2\repository\jakarta\transaction\jakarta.transaction-api\1.3.3\jakarta.transaction-api-1.3.3.jar;C:\Users\user\.m2\repository\jakarta\persistence\jakarta.persistence-api\2.2.3\jakarta.persistence-api-2.2.3.jar;C:\Users\user\.m2\repository\org\hibernate\hibernate-core\5.6.12.Final\hibernate-core-5.6.12.Final.jar;C:\Users\user\.m2\repository\org\jboss\logging\jboss-logging\3.4.3.Final\jboss-logging-3.4.3.Final.jar;C:\Users\user\.m2\repository\net\bytebuddy\byte-buddy\1.12.18\byte-buddy-1.12.18.jar;C:\Users\user\.m2\repository\antlr\antlr\2.7.7\antlr-2.7.7.jar;C:\Users\user\.m2\repository\org\jboss\jandex\2.4.2.Final\jandex-2.4.2.Final.jar;C:\Users\user\.m2\repository\com\fasterxml\classmate\1.5.1\classmate-1.5.1.jar;C:\Users\user\.m2\repository\org\hibernate\common\hibernate-commons-annotations\5.1.2.Final\hibernate-commons-annotations-5.1.2.Final.jar;C:\Users\user\.m2\repository\org\glassfish\jaxb\jaxb-runtime\2.3.7\jaxb-runtime-2.3.7.jar;C:\Users\user\.m2\repository\org\glassfish\jaxb\txw2\2.3.7\txw2-2.3.7.jar;C:\Users\user\.m2\repository\com\sun\istack\istack-commons-runtime\3.0.12\istack-commons-runtime-3.0.12.jar;C:\Users\user\.m2\repository\org\springframework\data\spring-data-jpa\2.7.5\spring-data-jpa-2.7.5.jar;C:\Users\user\.m2\repository\org\springframework\data\spring-data-commons\2.7.5\spring-data-commons-2.7.5.jar;C:\Users\user\.m2\repository\org\springframework\spring-orm\5.3.23\spring-orm-5.3.23.jar;C:\Users\user\.m2\repository\org\springframework\spring-context\5.3.23\spring-context-5.3.23.jar;C:\Users\user\.m2\repository\org\springframework\spring-tx\5.3.23\spring-tx-5.3.23.jar;C:\Users\user\.m2\repository\org\springframework\spring-beans\5.3.23\spring-beans-5.3.23.jar;C:\Users\user\.m2\repository\org\slf4j\slf4j-api\1.7.36\slf4j-api-1.7.36.jar;C:\Users\user\.m2\repository\org\springframework\spring-aspects\5.3.23\spring-aspects-5.3.23.jar;C:\Users\user\.m2\repository\org\springframework\boot\spring-boot-starter-freemarker\2.7.5\spring-boot-starter-freemarker-2.7.5.jar;C:\Users\user\.m2\repository\org\springframework\boot\spring-boot-starter\2.7.5\spring-boot-starter-2.7.5.jar;C:\Users\user\.m2\repository\org\springframework\boot\spring-boot-starter-logging\2.7.5\spring-boot-starter-logging-2.7.5.jar;C:\Users\user\.m2\repository\ch\qos\logback\logback-classic\1.2.11\logback-classic-1.2.11.jar;C:\Users\user\.m2\repository\ch\qos\logback\logback-core\1.2.11\logback-core-1.2.11.jar;C:\Users\user\.m2\repository\org\apache\logging\log4j\log4j-to-slf4j\2.17.2\log4j-to-slf4j-2.17.2.jar;C:\Users\user\.m2\repository\org\apache\logging\log4j\log4j-api\2.17.2\log4j-api-2.17.2.jar;C:\Users\user\.m2\repository\org\slf4j\jul-to-slf4j\1.7.36\jul-to-slf4j-1.7.36.jar;C:\Users\user\.m2\repository\jakarta\annotation\jakarta.annotation-api\1.3.5\jakarta.annotation-api-1.3.5.jar;C:\Users\user\.m2\repository\org\yaml\snakeyaml\1.30\snakeyaml-1.30.jar;C:\Users\user\.m2\repository\org\freemarker\freemarker\2.3.31\freemarker-2.3.31.jar;C:\Users\user\.m2\repository\org\springframework\spring-context-support\5.3.23\spring-context-support-5.3.23.jar;C:\Users\user\.m2\repository\org\springframework\boot\spring-boot-starter-mail\2.7.5\spring-boot-starter-mail-2.7.5.jar;C:\Users\user\.m2\repository\com\sun\mail\jakarta.mail\1.6.7\jakarta.mail-1.6.7.jar;C:\Users\user\.m2\repository\com\sun\activation\jakarta.activation\1.2.2\jakarta.activation-1.2.2.jar;C:\Users\user\.m2\repository\org\springframework\boot\spring-boot-starter-web\2.7.5\spring-boot-starter-web-2.7.5.jar;C:\Users\user\.m2\repository\org\springframework\boot\spring-boot-starter-json\2.7.5\spring-boot-starter-json-2.7.5.jar;C:\Users\user\.m2\repository\com\fasterxml\jackson\datatype\jackson-datatype-jdk8\2.13.4\jackson-datatype-jdk8-2.13.4.jar;C:\Users\user\.m2\repository\com\fasterxml\jackson\datatype\jackson-datatype-jsr310\2.13.4\jackson-datatype-jsr310-2.13.4.jar;C:\Users\user\.m2\repository\com\fasterxml\jackson\module\jackson-module-parameter-names\2.13.4\jackson-module-parameter-names-2.13.4.jar;C:\Users\user\.m2\repository\org\springframework\boot\spring-boot-starter-tomcat\2.7.5\spring-boot-starter-tomcat-2.7.5.jar;C:\Users\user\.m2\repository\org\apache\tomcat\embed\tomcat-embed-core\9.0.68\tomcat-embed-core-9.0.68.jar;C:\Users\user\.m2\repository\org\apache\tomcat\embed\tomcat-embed-el\9.0.68\tomcat-embed-el-9.0.68.jar;C:\Users\user\.m2\repository\org\apache\tomcat\embed\tomcat-embed-websocket\9.0.68\tomcat-embed-websocket-9.0.68.jar;C:\Users\user\.m2\repository\org\springframework\spring-web\5.3.23\spring-web-5.3.23.jar;C:\Users\user\.m2\repository\org\springframework\spring-webmvc\5.3.23\spring-webmvc-5.3.23.jar;C:\Users\user\.m2\repository\org\springframework\spring-expression\5.3.23\spring-expression-5.3.23.jar;C:\Users\user\.m2\repository\org\springframework\boot\spring-boot-devtools\2.7.5\spring-boot-devtools-2.7.5.jar;C:\Users\user\.m2\repository\org\springframework\boot\spring-boot\2.7.5\spring-boot-2.7.5.jar;C:\Users\user\.m2\repository\org\springframework\boot\spring-boot-autoconfigure\2.7.5\spring-boot-autoconfigure-2.7.5.jar;C:\Users\user\.m2\repository\org\projectlombok\lombok\1.18.24\lombok-1.18.24.jar;C:\Users\user\.m2\repository\jakarta\xml\bind\jakarta.xml.bind-api\2.3.3\jakarta.xml.bind-api-2.3.3.jar;C:\Users\user\.m2\repository\jakarta\activation\jakarta.activation-api\1.2.2\jakarta.activation-api-1.2.2.jar;C:\Users\user\.m2\repository\org\hamcrest\hamcrest\2.2\hamcrest-2.2.jar;C:\Users\user\.m2\repository\org\springframework\spring-core\5.3.23\spring-core-5.3.23.jar;C:\Users\user\.m2\repository\org\springframework\spring-jcl\5.3.23\spring-jcl-5.3.23.jar;C:\Users\user\.m2\repository\org\springframework\spring-test\5.3.23\spring-test-5.3.23.jar;C:\Users\user\.m2\repository\org\springdoc\springdoc-openapi-ui\1.5.2\springdoc-openapi-ui-1.5.2.jar;C:\Users\user\.m2\repository\org\springdoc\springdoc-openapi-webmvc-core\1.5.2\springdoc-openapi-webmvc-core-1.5.2.jar;C:\Users\user\.m2\repository\org\springdoc\springdoc-openapi-common\1.5.2\springdoc-openapi-common-1.5.2.jar;C:\Users\user\.m2\repository\io\swagger\core\v3\swagger-models\2.1.6\swagger-models-2.1.6.jar;C:\Users\user\.m2\repository\io\swagger\core\v3\swagger-annotations\2.1.6\swagger-annotations-2.1.6.jar;C:\Users\user\.m2\repository\io\swagger\core\v3\swagger-integration\2.1.6\swagger-integration-2.1.6.jar;C:\Users\user\.m2\repository\io\swagger\core\v3\swagger-core\2.1.6\swagger-core-2.1.6.jar;C:\Users\user\.m2\repository\com\fasterxml\jackson\dataformat\jackson-dataformat-yaml\2.13.4\jackson-dataformat-yaml-2.13.4.jar;C:\Users\user\.m2\repository\jakarta\validation\jakarta.validation-api\2.0.2\jakarta.validation-api-2.0.2.jar;C:\Users\user\.m2\repository\org\apache\commons\commons-lang3\3.12.0\commons-lang3-3.12.0.jar;C:\Users\user\.m2\repository\org\webjars\swagger-ui\3.38.0\swagger-ui-3.38.0.jar;C:\Users\user\.m2\repository\org\webjars\webjars-locator-core\0.50\webjars-locator-core-0.50.jar;C:\Users\user\.m2\repository\com\fasterxml\jackson\core\jackson-core\2.13.4\jackson-core-2.13.4.jar;C:\Users\user\.m2\repository\com\googlecode\json-simple\json-simple\1.1.1\json-simple-1.1.1.jar;C:\Users\user\.m2\repository\junit\junit\4.13.2\junit-4.13.2.jar;C:\Users\user\.m2\repository\org\hamcrest\hamcrest-core\2.2\hamcrest-core-2.2.jar;C:\Users\user\.m2\repository\org\springframework\boot\spring-boot-starter-security\2.7.5\spring-boot-starter-security-2.7.5.jar;C:\Users\user\.m2\repository\org\springframework\spring-aop\5.3.23\spring-aop-5.3.23.jar;C:\Users\user\.m2\repository\org\springframework\security\spring-security-config\5.7.4\spring-security-config-5.7.4.jar;C:\Users\user\.m2\repository\org\springframework\security\spring-security-web\5.7.4\spring-security-web-5.7.4.jar;C:\Users\user\.m2\repository\org\springframework\security\spring-security-test\5.7.4\spring-security-test-5.7.4.jar;C:\Users\user\.m2\repository\org\springframework\security\spring-security-core\5.7.4\spring-security-core-5.7.4.jar;C:\Users\user\.m2\repository\org\springframework\security\spring-security-crypto\5.7.4\spring-security-crypto-5.7.4.jar;C:\Users\user\.m2\repository\io\jsonwebtoken\jjwt\0.9.1\jjwt-0.9.1.jar;C:\Users\user\.m2\repository\com\fasterxml\jackson\core\jackson-databind\2.13.4.2\jackson-databind-2.13.4.2.jar;C:\Users\user\.m2\repository\com\fasterxml\jackson\core\jackson-annotations\2.13.4\jackson-annotations-2.13.4.jar;C:\Users\user\.m2\repository\com\mysql\mysql-connector-j\8.0.31\mysql-connector-j-8.0.31.jar;C:\Users\user\.m2\repository\io\github\classgraph\classgraph\4.8.139\classgraph-4.8.139.jar
Launcher Type: SUN_STANDARD

[Global flags]
     intx CICompilerCount                          = 4                                         {product} {ergonomic}
     uint ConcGCThreads                            = 2                                         {product} {ergonomic}
     uint G1ConcRefinementThreads                  = 8                                         {product} {ergonomic}
   size_t G1HeapRegionSize                         = 2097152                                   {product} {ergonomic}
    uintx GCDrainStackTargetSize                   = 64                                        {product} {ergonomic}
   size_t InitialHeapSize                          = 268435456                                 {product} {ergonomic}
   size_t MarkStackSize                            = 4194304                                   {product} {ergonomic}
   size_t MaxHeapSize                              = 4280287232                                {product} {ergonomic}
   size_t MaxNewSize                               = 2566914048                                {product} {ergonomic}
   size_t MinHeapDeltaBytes                        = 2097152                                   {product} {ergonomic}
   size_t MinHeapSize                              = 8388608                                   {product} {ergonomic}
    uintx NonNMethodCodeHeapSize                   = 5839372                                {pd product} {ergonomic}
    uintx NonProfiledCodeHeapSize                  = 122909434                              {pd product} {ergonomic}
    uintx ProfiledCodeHeapSize                     = 122909434                              {pd product} {ergonomic}
    uintx ReservedCodeCacheSize                    = 251658240                              {pd product} {ergonomic}
     bool SegmentedCodeCache                       = true                                      {product} {ergonomic}
   size_t SoftMaxHeapSize                          = 4280287232                             {manageable} {ergonomic}
     bool UseCompressedClassPointers               = true                           {product lp64_product} {ergonomic}
     bool UseCompressedOops                        = true                           {product lp64_product} {ergonomic}
     bool UseG1GC                                  = true                                      {product} {ergonomic}
     bool UseLargePagesIndividualAllocation        = false                                  {pd product} {ergonomic}

Logging:
Log output configuration:
 #0: stdout all=warning uptime,level,tags foldmultilines=false
 #1: stderr all=off uptime,level,tags foldmultilines=false

Environment Variables:
JAVA_HOME=C:\Users\user\AppData\Local\Programs\Eclipse Adoptium\jdk-17.0.3.7-hotspot\
PATH=C:\Program Files\Common Files\Oracle\Java\javapath;C:\Program Files (x86)\NVIDIA Corporation\PhysX\Common;C:\Windows\system32;C:\Windows;C:\Windows\System32\Wbem;C:\Windows\System32\WindowsPowerShell\v1.0\;C:\Windows\System32\OpenSSH\;F:\MinGW\bin;C:\Program Files\PuTTY\;C:\Program Files\dotnet\;C:\Program Files\Git\cmd;C:\Program Files\nodejs\;C:\Program Files\MySQL\MySQL Shell 8.0\bin\;C:\Users\user\AppData\Local\Programs\Eclipse Adoptium\jdk-17.0.3.7-hotspot\bin;C:\Users\user\AppData\Local\Programs\Python\Python39\Scripts\;C:\Users\user\AppData\Local\Programs\Python\Python39\;C:\Users\user\AppData\Local\Microsoft\WindowsApps;C:\Users\user\.dotnet\tools;f:\Users\user\AppData\Local\Programs\Microsoft VS Code\bin;F:\MinGW\bin;F:\heroku\bin;C:\Program Files\nodejs;C:\Users\user\AppData\Roaming\npm;F:\Fiddler;F:\flutter\bin;
USERNAME=user
OS=Windows_NT
PROCESSOR_IDENTIFIER=Intel64 Family 6 Model 60 Stepping 3, GenuineIntel



---------------  S Y S T E M  ---------------

OS:
 Windows 10 , 64 bit Build 19041 (10.0.19041.1889)
OS uptime: 11 days 21:31 hours

CPU: total 8 (initial active 8) (4 cores per cpu, 2 threads per core) family 6 model 60 stepping 3 microcode 0x27, cx8, cmov, fxsr, ht, mmx, sse, sse2, sse3, ssse3, sse4.1, sse4.2, popcnt, lzcnt, tsc, tscinvbit, avx, avx2, aes, erms, clmul, bmi1, bmi2, fma, vzeroupper, clflush

Memory: 4k page, system-wide physical 16325M (2651M free)
TotalPageFile size 21456M (AvailPageFile size 6M)
current process WorkingSet (physical memory assigned to process): 81M, peak: 81M
current process commit charge ("private bytes"): 362M, peak: 362M

vm_info: Java HotSpot(TM) 64-Bit Server VM (18.0.1.1+2-6) for windows-amd64 JRE (18.0.1.1+2-6), built on Apr 25 2022 21:53:15 by "mach5one" with MS VC++ 16.8 / 16.9 (VS2019)

END.
